<?xml version="1.0" encoding="utf-8"?><testsuites name="pytest tests"><testsuite name="pytest" errors="0" failures="0" skipped="0" tests="3" time="2.112" timestamp="2026-09-06T12:00:10.145983+00:00" hostname="agent-env-4f0e6418-cb99-4e27-b209-722747f883ea"><testcase classname="tests.test_iteration26_ledger_overdue.TestLedgerOverdue" name="test_sale_without_receipt_is_overdue" time="0.614" /><testcase classname="tests.test_iteration26_ledger_overdue.TestLedgerOverdue" name="test_receipt_clears_overdue" time="0.489" /><testcase classname="tests.test_iteration26_ledger_overdue.TestLedgerOverdue" name="test_invoice_without_receipt_is_overdue" time="0.696" /></testsuite></testsuites>