<?xml version="1.0" encoding="utf-8"?><testsuites name="pytest tests"><testsuite name="pytest" errors="0" failures="0" skipped="0" tests="17" time="55.777" timestamp="2026-09-02T12:57:04.481680+00:00" hostname="agent-env-dcecce25-e5ad-493a-bace-23dd7cdd61a0"><testcase classname="tests.test_iteration19_reference_no_advances.TestAdvanceReceiptsList" name="test_advances_by_phone_returns_only_advances" time="31.733" /><testcase classname="tests.test_iteration19_reference_no_advances.TestReferenceNoDerivation" name="test_source_invoice_uses_invoice_no" time="31.142" /><testcase classname="tests.test_iteration19_reference_no_advances.TestReferenceNoDerivation" name="test_source_sale_with_invoice_no" time="0.675" /><testcase classname="tests.test_iteration19_reference_no_advances.TestAdvanceReceiptsList" name="test_advances_by_customer_id" time="0.479" /><testcase classname="tests.test_iteration19_reference_no_advances.TestReferenceNoDerivation" name="test_source_sale_without_invoice_no_uses_short_id" time="0.480" /><testcase classname="tests.test_iteration19_reference_no_advances.TestAdvanceReceiptsList" name="test_advances_missing_params_returns_400" time="0.155" /><testcase classname="tests.test_iteration19_reference_no_advances.TestReferenceNoDerivation" name="test_source_collection_reference_pattern" time="0.518" /><testcase classname="tests.test_iteration19_reference_no_advances.TestAdvanceReceiptsList" name="test_advances_excludes_non_other_source_type" time="0.849" /><testcase classname="tests.test_iteration19_reference_no_advances.TestReferenceNoDerivation" name="test_source_other_is_advance_empty_ref" time="0.338" /><testcase classname="tests.test_iteration19_reference_no_advances.TestReferenceNoDerivation" name="test_explicit_reference_no_overrides_auto" time="0.694" /><testcase classname="tests.test_iteration19_reference_no_advances.TestInvoiceAttachReceipts" name="test_attach_advance_receipt_same_customer_links" time="1.041" /><testcase classname="tests.test_iteration19_reference_no_advances.TestPatchReceipt" name="test_patch_forbidden_for_employee" time="0.642" /><testcase classname="tests.test_iteration19_reference_no_advances.TestInvoiceAttachReceipts" name="test_attach_receipt_different_customer_is_skipped" time="1.164" /><testcase classname="tests.test_iteration19_reference_no_advances.TestPatchReceipt" name="test_patch_admin_updates_reference_no" time="0.579" /><testcase classname="tests.test_iteration19_reference_no_advances.TestPatchReceipt" name="test_patch_source_change_auto_derives_reference_no" time="8.121" /><testcase classname="tests.test_iteration19_reference_no_advances.TestInvoiceAttachReceipts" name="test_attach_non_advance_receipt_is_skipped" time="1.145" /><testcase classname="tests.test_iteration19_reference_no_advances.TestInvoiceAttachReceipts" name="test_attach_receipt_with_explicit_reference_no_is_skipped" time="18.896" /></testsuite></testsuites>