<?xml version="1.0" encoding="utf-8"?><testsuites name="pytest tests"><testsuite name="pytest" errors="0" failures="0" skipped="0" tests="26" time="5.918" timestamp="2026-09-01T10:58:25.733458+00:00" hostname="agent-env-dcecce25-e5ad-493a-bace-23dd7cdd61a0"><testcase classname="tests.test_iteration7_user_mgmt.TestAdminCreate" name="test_non_admin_forbidden" time="0.580" /><testcase classname="tests.test_iteration7_user_mgmt.TestAdminCreate" name="test_invalid_username_format" time="0.127" /><testcase classname="tests.test_iteration7_user_mgmt.TestAdminCreate" name="test_short_password" time="0.121" /><testcase classname="tests.test_iteration7_user_mgmt.TestAdminCreate" name="test_create_success" time="0.190" /><testcase classname="tests.test_iteration7_user_mgmt.TestAdminCreate" name="test_duplicate_username" time="0.106" /><testcase classname="tests.test_iteration7_user_mgmt.TestAdminCreate" name="test_new_employee_can_login" time="0.181" /><testcase classname="tests.test_iteration7_user_mgmt.TestCascadeRename" name="test_seed_customer_and_sale_under_U1" time="0.447" /><testcase classname="tests.test_iteration7_user_mgmt.TestCascadeRename" name="test_rename_with_password_and_goal" time="0.175" /><testcase classname="tests.test_iteration7_user_mgmt.TestCascadeRename" name="test_old_username_login_fails" time="0.230" /><testcase classname="tests.test_iteration7_user_mgmt.TestCascadeRename" name="test_new_username_login_works" time="0.178" /><testcase classname="tests.test_iteration7_user_mgmt.TestCascadeRename" name="test_customer_assigned_to_new_username" time="0.107" /><testcase classname="tests.test_iteration7_user_mgmt.TestCascadeRename" name="test_sale_user_updated" time="0.109" /><testcase classname="tests.test_iteration7_user_mgmt.TestCascadeRename" name="test_rename_duplicate_conflict" time="0.114" /><testcase classname="tests.test_iteration7_user_mgmt.TestCascadeRename" name="test_rename_invalid_format" time="0.100" /><testcase classname="tests.test_iteration7_user_mgmt.TestAdminDelete" name="test_cannot_delete_admin" time="0.109" /><testcase classname="tests.test_iteration7_user_mgmt.TestAdminDelete" name="test_non_admin_forbidden" time="0.109" /><testcase classname="tests.test_iteration7_user_mgmt.TestAdminDelete" name="test_not_found" time="0.114" /><testcase classname="tests.test_iteration7_user_mgmt.TestAdminDelete" name="test_delete_requires_reassign_when_customers" time="0.504" /><testcase classname="tests.test_iteration7_user_mgmt.TestAdminDelete" name="test_deleted_user_cannot_login" time="0.126" /><testcase classname="tests.test_iteration7_user_mgmt.TestAdminDelete" name="test_customers_now_belong_to_target" time="0.212" /><testcase classname="tests.test_iteration7_user_mgmt.TestAdminDelete" name="test_delete_renamed_user_with_customers" time="0.143" /><testcase classname="tests.test_iteration7_user_mgmt.TestAdminDelete" name="test_cleanup_test_customers" time="0.382" /><testcase classname="tests.test_iteration7_user_mgmt.TestAdminSelf" name="test_admin_rename_and_pw" time="0.210" /><testcase classname="tests.test_iteration7_user_mgmt.TestAdminSelf" name="test_admin_new_login" time="0.210" /><testcase classname="tests.test_iteration7_user_mgmt.TestAdminSelf" name="test_admin_old_login_fails" time="0.125" /><testcase classname="tests.test_iteration7_user_mgmt.TestAdminSelf" name="test_restore_admin" time="0.851" /></testsuite></testsuites>