<?xml version="1.0" encoding="utf-8"?><testsuites name="pytest tests"><testsuite name="pytest" errors="0" failures="0" skipped="0" tests="19" time="6.925" timestamp="2026-09-02T05:07:18.717787+00:00" hostname="agent-env-dcecce25-e5ad-493a-bace-23dd7cdd61a0"><testcase classname="tests.test_iteration13_daybook.TestCreateDailySale" name="test_health" time="0.355" /><testcase classname="tests.test_iteration13_daybook.TestCreateDailySale" name="test_employee_can_create_own" time="0.513" /><testcase classname="tests.test_iteration13_daybook.TestCreateDailySale" name="test_negatives_clamped" time="0.135" /><testcase classname="tests.test_iteration13_daybook.TestCreateDailySale" name="test_admin_can_create_own" time="0.110" /><testcase classname="tests.test_iteration13_daybook.TestCreateDailySale" name="test_create_persists_and_returned_via_get" time="0.220" /><testcase classname="tests.test_iteration13_daybook.TestListDailySales" name="test_workspace_wide_default" time="1.404" /><testcase classname="tests.test_iteration13_daybook.TestPatchDailySale" name="test_owner_can_edit" time="0.288" /><testcase classname="tests.test_iteration13_daybook.TestListDailySales" name="test_filter_by_user" time="0.405" /><testcase classname="tests.test_iteration13_daybook.TestPatchDailySale" name="test_admin_can_edit_others" time="0.216" /><testcase classname="tests.test_iteration13_daybook.TestListDailySales" name="test_sorted_newest_first" time="0.373" /><testcase classname="tests.test_iteration13_daybook.TestPatchDailySale" name="test_non_owner_non_admin_forbidden" time="0.453" /><testcase classname="tests.test_iteration13_daybook.TestPatchDailySale" name="test_patch_404" time="0.126" /><testcase classname="tests.test_iteration13_daybook.TestDeleteDailySale" name="test_non_admin_forbidden" time="0.442" /><testcase classname="tests.test_iteration13_daybook.TestListDailySales" name="test_display_name_attached" time="0.368" /><testcase classname="tests.test_iteration13_daybook.TestDeleteDailySale" name="test_admin_can_delete" time="0.404" /><testcase classname="tests.test_iteration13_daybook.TestDaybookAggregate" name="test_daybook_totals" time="0.616" /><testcase classname="tests.test_iteration13_daybook.TestCascadeRename" name="test_rename_migrates_daily_sales" time="1.946" /><testcase classname="tests.test_iteration13_daybook.TestDaybookAggregate" name="test_daybook_default_today_when_no_param" time="0.613" /><testcase classname="tests.test_iteration13_daybook.TestDaybookAggregate" name="test_daybook_requires_auth" time="2.797" /></testsuite></testsuites>