<?xml version="1.0" encoding="utf-8"?><testsuites name="pytest tests"><testsuite name="pytest" errors="0" failures="0" skipped="0" tests="17" time="4.400" timestamp="2026-09-02T04:58:04.053554+00:00" hostname="agent-env-dcecce25-e5ad-493a-bace-23dd7cdd61a0"><testcase classname="tests.test_iteration12_admin_sales_and_workspace_collections.TestCollectionsWorkspaceVisibility" name="test_non_collector_employee_sees_workspace_entries" time="1.481" /><testcase classname="tests.test_iteration12_admin_sales_and_workspace_collections.TestCollectionsWorkspaceVisibility" name="test_admin_sees_workspace_entries" time="0.136" /><testcase classname="tests.test_iteration12_admin_sales_and_workspace_collections.TestSalePatch" name="test_owner_can_edit_own_fields" time="1.719" /><testcase classname="tests.test_iteration12_admin_sales_and_workspace_collections.TestCollectionsWorkspaceVisibility" name="test_post_still_requires_collector_or_admin" time="0.177" /><testcase classname="tests.test_iteration12_admin_sales_and_workspace_collections.TestSalePatch" name="test_owner_cannot_set_purchase_amount" time="0.152" /><testcase classname="tests.test_iteration12_admin_sales_and_workspace_collections.TestCollectionsWorkspaceVisibility" name="test_post_by_non_collector_emp1_forbidden" time="0.173" /><testcase classname="tests.test_iteration12_admin_sales_and_workspace_collections.TestSalePatch" name="test_non_owner_non_admin_cannot_patch" time="0.181" /><testcase classname="tests.test_iteration12_admin_sales_and_workspace_collections.TestSalePatch" name="test_admin_can_edit_all_fields_including_purchase" time="0.133" /><testcase classname="tests.test_iteration12_admin_sales_and_workspace_collections.TestSalePatch" name="test_admin_can_delete_any_sale" time="0.418" /><testcase classname="tests.test_iteration12_admin_sales_and_workspace_collections.TestCollectionsUpdateDelete" name="test_owner_can_patch" time="0.428" /><testcase classname="tests.test_iteration12_admin_sales_and_workspace_collections.TestCollectionsUpdateDelete" name="test_non_owner_non_admin_cannot_patch" time="0.158" /><testcase classname="tests.test_iteration12_admin_sales_and_workspace_collections.TestCollectionsUpdateDelete" name="test_non_admin_cannot_delete" time="0.114" /><testcase classname="tests.test_iteration12_admin_sales_and_workspace_collections.TestSalePatch" name="test_non_admin_cannot_delete_sale" time="0.259" /><testcase classname="tests.test_iteration12_admin_sales_and_workspace_collections.TestCollectionsUpdateDelete" name="test_admin_can_delete" time="0.826" /><testcase classname="tests.test_iteration12_admin_sales_and_workspace_collections.TestCollectionsSummaryWorkspace" name="test_summary_shape_admin" time="0.122" /><testcase classname="tests.test_iteration12_admin_sales_and_workspace_collections.TestCollectionsSummaryWorkspace" name="test_non_collector_sees_same_totals_as_admin" time="0.249" /><testcase classname="tests.test_iteration12_admin_sales_and_workspace_collections.TestCollectionsSummaryWorkspace" name="test_summary_totals_nonzero_after_seed" time="0.829" /></testsuite></testsuites>