<?xml version="1.0" encoding="utf-8"?><testsuites name="pytest tests"><testsuite name="pytest" errors="0" failures="0" skipped="1" tests="15" time="3.716" timestamp="2026-09-02T07:05:04.843940+00:00" hostname="agent-env-dcecce25-e5ad-493a-bace-23dd7cdd61a0"><testcase classname="tests.test_iteration15_daybook_receipts_invoices.TestSeed" name="test_seed_daily_sale" time="0.637" /><testcase classname="tests.test_iteration15_daybook_receipts_invoices.TestSeed" name="test_seed_collection" time="0.135" /><testcase classname="tests.test_iteration15_daybook_receipts_invoices.TestSeed" name="test_emp_can_create_receipt_linked_to_collection" time="0.634" /><testcase classname="tests.test_iteration15_daybook_receipts_invoices.TestSeed" name="test_seed_receipt_source_other" time="0.362" /><testcase classname="tests.test_iteration15_daybook_receipts_invoices.TestDaybookShape" name="test_daybook_has_four_sections" time="0.218" /><testcase classname="tests.test_iteration15_daybook_receipts_invoices.TestDaybookShape" name="test_receipts_section_shape" time="0.000" /><testcase classname="tests.test_iteration15_daybook_receipts_invoices.TestDaybookShape" name="test_invoices_section_shape" time="0.000" /><testcase classname="tests.test_iteration15_daybook_receipts_invoices.TestDaybookShape" name="test_collection_entry_has_linked_receipts" time="0.000" /><testcase classname="tests.test_iteration15_daybook_receipts_invoices.TestDaybookShape" name="test_daily_sales_entry_has_linked_receipts_field" time="0.000" /><testcase classname="tests.test_iteration15_daybook_receipts_invoices.TestDaybookShape" name="test_invoice_entry_has_linked_receipts_field" time="0.000" /><testcase classname="tests.test_iteration15_daybook_receipts_invoices.TestDaybookShape" name="test_grand_total_math" time="0.000" /><testcase classname="tests.test_iteration15_daybook_receipts_invoices.TestDaybookShape" name="test_grand_total_isolated_day" time="0.000"><skipped type="pytest.skip" message="Receipts always land on today's date_key server-side; residual math checked in previous test">/app/backend/tests/test_iteration15_daybook_receipts_invoices.py:299: Receipts always land on today's date_key server-side; residual math checked in previous test</skipped></testcase><testcase classname="tests.test_iteration15_daybook_receipts_invoices.TestCollectionsListingLinkedReceipts" name="test_collections_list_has_linked_receipts" time="0.136" /><testcase classname="tests.test_iteration15_daybook_receipts_invoices.TestEmployeeReceiptPermission" name="test_employee_receipt_other_source" time="0.252" /><testcase classname="tests.test_iteration15_daybook_receipts_invoices.TestEmployeeReceiptPermission" name="test_employee_receipt_collection_source" time="1.287" /></testsuite></testsuites>