<?xml version="1.0" encoding="utf-8"?><testsuites name="pytest tests"><testsuite name="pytest" errors="0" failures="0" skipped="0" tests="3" time="1.942" timestamp="2026-09-02T04:40:25.577219+00:00" hostname="agent-env-dcecce25-e5ad-493a-bace-23dd7cdd61a0"><testcase classname="tests.test_iteration10_collections.TestSummary" name="test_summary_shape" time="0.670" /><testcase classname="tests.test_iteration10_collections.TestSummary" name="test_summary_days_bounds" time="0.462" /><testcase classname="tests.test_iteration10_collections.TestCascadeAndDelete" name="test_summary_scope_non_admin" time="1.611" /></testsuite></testsuites>