<?xml version="1.0" encoding="utf-8"?><testsuites name="pytest tests"><testsuite name="pytest" errors="0" failures="1" skipped="0" tests="23" time="6.211" timestamp="2026-09-01T13:51:55.319641+00:00" hostname="agent-env-dcecce25-e5ad-493a-bace-23dd7cdd61a0"><testcase classname="tests.test_iteration8_perms_drilldown.TestCallsReassign" name="test_admin_only" time="1.093" /><testcase classname="tests.test_iteration8_perms_drilldown.TestSalesPatch" name="test_owner_updates_amount_product_notes" time="1.697" /><testcase classname="tests.test_iteration8_perms_drilldown.TestCallsReassign" name="test_empty_ids_400" time="0.247" /><testcase classname="tests.test_iteration8_perms_drilldown.TestCallsReassign" name="test_target_must_be_employee" time="0.120" /><testcase classname="tests.test_iteration8_perms_drilldown.TestCallsReassign" name="test_moves_call_across_users" time="1.003" /><testcase classname="tests.test_iteration8_perms_drilldown.TestSalesPatch" name="test_owner_cannot_set_purchase_amount" time="0.727" /><testcase classname="tests.test_iteration8_perms_drilldown.TestSalesPatch" name="test_non_owner_non_admin_forbidden" time="0.505" /><testcase classname="tests.test_iteration8_perms_drilldown.TestAdminUserCalls" name="test_admin_only" time="0.248" /><testcase classname="tests.test_iteration8_perms_drilldown.TestAdminUserCalls" name="test_returns_sorted_newest_first_and_limit" time="0.884" /><testcase classname="tests.test_iteration8_perms_drilldown.TestSalesPatch" name="test_admin_updates_everything_and_profit_recalcs" time="0.543"><failure message="AssertionError: assert ([{'id': 'b469f140-3f03-4fd8-8450-a6fded3da89a', 'user': 'emp1', 'display_name': 'Goutam debnath', 'customer_id': None, ...}] and 800.0 == 800.0 and 0.0 == 400.0)">backend/tests/test_iteration8_perms_drilldown.py:141: in test_admin_updates_everything_and_profit_recalcs
    assert found and found[0]["purchase_amount"] == 800.0 and found[0]["profit"] == 400.0
E   AssertionError: assert ([{'id': 'b469f140-3f03-4fd8-8450-a6fded3da89a', 'user': 'emp1', 'display_name': 'Goutam debnath', 'customer_id': None, ...}] and 800.0 == 800.0 and 0.0 == 400.0)</failure></testcase><testcase classname="tests.test_iteration8_perms_drilldown.TestSalesPatch" name="test_unknown_sid_returns_404" time="0.152" /><testcase classname="tests.test_iteration8_perms_drilldown.TestAdminUserCalls" name="test_unknown_username_404" time="0.153" /><testcase classname="tests.test_iteration8_perms_drilldown.TestSalesReassign" name="test_admin_only" time="0.152" /><testcase classname="tests.test_iteration8_perms_drilldown.TestAdminUserSales" name="test_admin_only" time="0.178" /><testcase classname="tests.test_iteration8_perms_drilldown.TestSalesReassign" name="test_empty_ids_400" time="0.182" /><testcase classname="tests.test_iteration8_perms_drilldown.TestAdminUserSales" name="test_returns_sale_shape" time="0.469" /><testcase classname="tests.test_iteration8_perms_drilldown.TestSalesReassign" name="test_moves_sale_and_updates_display_name" time="0.837" /><testcase classname="tests.test_iteration8_perms_drilldown.TestAdminUserSales" name="test_unknown_username_404" time="0.174" /><testcase classname="tests.test_iteration8_perms_drilldown.TestSalesDelete" name="test_admin_can_delete_any" time="0.471" /><testcase classname="tests.test_iteration8_perms_drilldown.TestAdminDeleteCall" name="test_admin_only" time="0.163" /><testcase classname="tests.test_iteration8_perms_drilldown.TestAdminDeleteCall" name="test_unknown_id_404" time="0.146" /><testcase classname="tests.test_iteration8_perms_drilldown.TestSalesDelete" name="test_employee_cannot_delete_own" time="0.507" /><testcase classname="tests.test_iteration8_perms_drilldown.TestAdminDeleteCall" name="test_delete_ok" time="0.742" /></testsuite></testsuites>