<?xml version="1.0" encoding="utf-8"?><testsuites name="pytest tests"><testsuite name="pytest" errors="0" failures="0" skipped="0" tests="25" time="3.391" timestamp="2026-08-31T09:12:26.440286+00:00" hostname="agent-env-dcecce25-e5ad-493a-bace-23dd7cdd61a0"><testcase classname="tests.test_iteration5.TestCustomerLookup" name="test_lookup_requires_auth" time="0.198" /><testcase classname="tests.test_iteration5.TestDailyGoalPatch" name="test_low_bound" time="0.376" /><testcase classname="tests.test_iteration5.TestCustomerLookup" name="test_lookup_invalid_phone" time="0.273" /><testcase classname="tests.test_iteration5.TestDailyGoalPatch" name="test_high_bound" time="0.116" /><testcase classname="tests.test_iteration5.TestCustomerLookup" name="test_lookup_not_found" time="0.116" /><testcase classname="tests.test_iteration5.TestCustomerLookup" name="test_lookup_existing_is_mine_true" time="0.239" /><testcase classname="tests.test_iteration5.TestDailyGoalPatch" name="test_set_and_reflect_in_users_list" time="0.622" /><testcase classname="tests.test_iteration5.TestCustomerLookup" name="test_lookup_existing_is_mine_false_for_other" time="0.528" /><testcase classname="tests.test_iteration5.TestDailyGoalPatch" name="test_combined_display_name_and_daily_goal" time="0.136" /><testcase classname="tests.test_iteration5.TestDailyGoalPatch" name="test_stats_today_uses_custom_goal_for_emp3" time="0.296" /><testcase classname="tests.test_iteration5.TestCustomerLookup" name="test_zzz_cleanup" time="0.108" /><testcase classname="tests.test_iteration5.TestRegression" name="test_admin_login" time="0.173" /><testcase classname="tests.test_iteration5.TestDailyGoalPatch" name="test_zzz_restore" time="0.169" /><testcase classname="tests.test_iteration5.TestRegression" name="test_emp7_login" time="0.189" /><testcase classname="tests.test_iteration5.TestRegression" name="test_customers_list" time="0.161" /><testcase classname="tests.test_iteration5.TestTeamStats" name="test_non_admin_forbidden" time="0.315" /><testcase classname="tests.test_iteration5.TestRegression" name="test_admin_users_list" time="0.146" /><testcase classname="tests.test_iteration5.TestTeamStats" name="test_requires_auth" time="0.164" /><testcase classname="tests.test_iteration5.TestRegression" name="test_patch_display_name_still_works" time="0.302" /><testcase classname="tests.test_iteration5.TestTeamStats" name="test_admin_ok_shape" time="0.144" /><testcase classname="tests.test_iteration5.TestStatsTodayGoal" name="test_default_when_no_custom" time="0.303" /><testcase classname="tests.test_iteration5.TestRegression" name="test_patch_empty_payload" time="0.149" /><testcase classname="tests.test_iteration5.TestStatsTodayGoal" name="test_custom_flows_through" time="0.412" /><testcase classname="tests.test_iteration5.TestLeaderboardGoal" name="test_each_row_reflects_user_goal" time="0.353" /><testcase classname="tests.test_iteration5.TestLeaderboardGoal" name="test_pct_computed_from_own_goal" time="0.127" /></testsuite></testsuites>