<?xml version="1.0" encoding="utf-8"?><testsuites name="pytest tests"><testsuite name="pytest" errors="0" failures="0" skipped="0" tests="12" time="7.314" timestamp="2026-09-02T14:38:13.542692+00:00" hostname="agent-env-dcecce25-e5ad-493a-bace-23dd7cdd61a0"><testcase classname="tests.test_iteration20_invoice_no_sale_split.TestInvoiceDoesNotCreateSale" name="test_invoice_creation_does_not_touch_sales" time="1.433" /><testcase classname="tests.test_iteration20_invoice_no_sale_split.TestInvoiceSplit" name="test_mixed_split_ok" time="1.154" /><testcase classname="tests.test_iteration20_invoice_no_sale_split.TestInvoiceSplit" name="test_default_no_split_is_cash" time="0.456" /><testcase classname="tests.test_iteration20_invoice_no_sale_split.TestInvoiceDoesNotCreateSale" name="test_get_sales_does_not_include_invoice_items" time="0.718" /><testcase classname="tests.test_iteration20_invoice_no_sale_split.TestInvoiceSplit" name="test_mismatch_split_400" time="0.135" /><testcase classname="tests.test_iteration20_invoice_no_sale_split.TestInvoiceSplit" name="test_cash_only_split" time="0.459" /><testcase classname="tests.test_iteration20_invoice_no_sale_split.TestSalesSplit" name="test_sales_mixed_split" time="0.211" /><testcase classname="tests.test_iteration20_invoice_no_sale_split.TestInvoiceSplit" name="test_online_only_split" time="0.310" /><testcase classname="tests.test_iteration20_invoice_no_sale_split.TestSalesSplit" name="test_sales_default_is_cash" time="0.159" /><testcase classname="tests.test_iteration20_invoice_no_sale_split.TestListInvoicesFields" name="test_list_returns_split_fields_and_linked_receipts" time="0.924" /><testcase classname="tests.test_iteration20_invoice_no_sale_split.TestCustomerLedger" name="test_ledger_totals" time="4.227" /><testcase classname="tests.test_iteration20_invoice_no_sale_split.TestAttachReceipts" name="test_attach_links_receipt_to_invoice" time="3.523" /></testsuite></testsuites>