<?xml version="1.0" encoding="utf-8"?><testsuites name="pytest tests"><testsuite name="pytest" errors="0" failures="0" skipped="0" tests="10" time="7.061" timestamp="2026-09-02T10:33:06.662198+00:00" hostname="agent-env-dcecce25-e5ad-493a-bace-23dd7cdd61a0"><testcase classname="tests.test_iteration16_ledger_reconciliation.TestSalesLinkedReceipts" name="test_sales_row_carries_linked_receipts" time="1.524" /><testcase classname="tests.test_iteration16_ledger_reconciliation.TestCustomerLedger" name="test_ledger_404_on_unknown" time="0.132" /><testcase classname="tests.test_iteration16_ledger_reconciliation.TestCustomerLedger" name="test_ledger_summary_and_timeline" time="1.086" /><testcase classname="tests.test_iteration16_ledger_reconciliation.TestCustomerLedger" name="test_ledger_receipt_matched_by_phone_only" time="0.529" /><testcase classname="tests.test_iteration16_ledger_reconciliation.TestDaybookReconciliation" name="test_reconciliation_math_and_total_collection" time="0.499" /><testcase classname="tests.test_iteration16_ledger_reconciliation.TestReconcileAck" name="test_employee_ack_403" time="0.104" /><testcase classname="tests.test_iteration16_ledger_reconciliation.TestReconcileAck" name="test_admin_ack_and_persist" time="0.238" /><testcase classname="tests.test_iteration16_ledger_reconciliation.TestReconcileAck" name="test_admin_ack_empty_note_400" time="0.105" /><testcase classname="tests.test_iteration16_ledger_reconciliation.TestCollectionsAnyEmployee" name="test_emp2_can_post_collection" time="0.222" /><testcase classname="tests.test_iteration16_ledger_reconciliation.TestCollectionsAnyEmployee" name="test_collections_list_carries_linked_receipts" time="2.532" /></testsuite></testsuites>