<?xml version="1.0" encoding="utf-8"?><testsuites name="pytest tests"><testsuite name="pytest" errors="0" failures="1" skipped="0" tests="21" time="4.282" timestamp="2026-09-02T04:41:03.210267+00:00" hostname="agent-env-dcecce25-e5ad-493a-bace-23dd7cdd61a0"><testcase classname="tests.test_iteration10_collections.TestCollectorAssignment" name="test_get_collector_initially_none" time="0.476" /><testcase classname="tests.test_iteration10_collections.TestCollectorAssignment" name="test_admin_assign_collector" time="0.178" /><testcase classname="tests.test_iteration10_collections.TestCollectorAssignment" name="test_get_collector_after_assign" time="0.224" /><testcase classname="tests.test_iteration10_collections.TestCollectionsCRUD" name="test_collector_can_create_and_compute_totals" time="1.495" /><testcase classname="tests.test_iteration10_collections.TestCollectionsCRUD" name="test_non_collector_cannot_create" time="0.142" /><testcase classname="tests.test_iteration10_collections.TestCollectorAssignment" name="test_non_admin_cannot_assign" time="0.846" /><testcase classname="tests.test_iteration10_collections.TestCollectionsCRUD" name="test_admin_can_create" time="0.178" /><testcase classname="tests.test_iteration10_collections.TestCollectorAssignment" name="test_assign_non_employee_fails" time="0.119" /><testcase classname="tests.test_iteration10_collections.TestCollectionsCRUD" name="test_admin_sees_all" time="0.118" /><testcase classname="tests.test_iteration10_collections.TestCollectorAssignment" name="test_clear_collector" time="0.289" /><testcase classname="tests.test_iteration10_collections.TestCollectionsCRUD" name="test_non_admin_sees_only_own" time="0.134" /><testcase classname="tests.test_iteration10_collections.TestCollectionsCRUD" name="test_sorted_newest_first" time="0.118" /><testcase classname="tests.test_iteration10_collections.TestCollectionsCRUD" name="test_date_filter" time="0.132" /><testcase classname="tests.test_iteration10_collections.TestSummary" name="test_summary_shape" time="0.113" /><testcase classname="tests.test_iteration10_collections.TestUpdate" name="test_owner_can_update" time="0.383" /><testcase classname="tests.test_iteration10_collections.TestSummary" name="test_summary_days_bounds" time="0.141" /><testcase classname="tests.test_iteration10_collections.TestUpdate" name="test_non_owner_non_admin_cannot_update" time="0.141" /><testcase classname="tests.test_iteration10_collections.TestCascadeAndDelete" name="test_rename_collector_cascades" time="0.454"><failure message="AssertionError: {&quot;detail&quot;:&quot;Only the designated collector can add entries&quot;}&#10;assert 403 == 200&#10; +  where 403 = &lt;Response [403]&gt;.status_code">E   AssertionError: {"detail":"Only the designated collector can add entries"}
    assert 403 == 200
     +  where 403 = &lt;Response [403]&gt;.status_code</failure></testcase><testcase classname="tests.test_iteration10_collections.TestUpdate" name="test_admin_can_update" time="0.138" /><testcase classname="tests.test_iteration10_collections.TestDelete" name="test_admin_delete_only" time="1.136" /><testcase classname="tests.test_iteration10_collections.TestCascadeAndDelete" name="test_summary_scope_non_admin" time="0.819" /></testsuite></testsuites>