<?xml version="1.0" encoding="utf-8"?><testsuites name="pytest tests"><testsuite name="pytest" errors="0" failures="0" skipped="0" tests="5" time="4.466" timestamp="2026-09-06T12:43:12.308140+00:00" hostname="agent-env-4f0e6418-cb99-4e27-b209-722747f883ea"><testcase classname="tests.test_iteration27_daybook_online_receipt" name="test_online_receipt_against_cash_sale_shows_online_in_daybook" time="1.285" /><testcase classname="tests.test_iteration27_daybook_online_receipt" name="test_cash_receipt_against_sale_still_counts_as_cash" time="0.752" /><testcase classname="tests.test_iteration27_daybook_online_receipt" name="test_online_receipt_against_invoice_shows_online" time="0.950" /><testcase classname="tests.test_iteration27_daybook_online_receipt" name="test_sale_without_receipt_is_not_counted" time="0.534" /><testcase classname="tests.test_iteration27_daybook_online_receipt" name="test_no_double_counting_linked_receipt" time="0.874" /></testsuite></testsuites>