<?xml version="1.0" encoding="utf-8"?><testsuites name="pytest tests"><testsuite name="pytest" errors="0" failures="0" skipped="0" tests="17" time="3.499" timestamp="2026-08-29T14:19:12.264962+00:00" hostname="agent-env-dcecce25-e5ad-493a-bace-23dd7cdd61a0"><testcase classname="tests.test_iteration4.TestRegression" name="test_login_admin" time="0.351" /><testcase classname="tests.test_iteration4.TestAdminPatchUser" name="test_non_admin_forbidden" time="0.666" /><testcase classname="tests.test_iteration4.TestRegression" name="test_login_employee" time="0.270" /><testcase classname="tests.test_iteration4.TestRegression" name="test_list_users_admin" time="0.269" /><testcase classname="tests.test_iteration4.TestAdminPatchUser" name="test_unknown_user_404" time="0.374" /><testcase classname="tests.test_iteration4.TestRegression" name="test_list_users_forbidden_for_employee" time="0.225" /><testcase classname="tests.test_iteration4.TestAdminPatchUser" name="test_empty_patch_400" time="0.154" /><testcase classname="tests.test_iteration4.TestRegression" name="test_list_customers" time="0.156" /><testcase classname="tests.test_iteration4.TestAdminPatchUser" name="test_short_password_400" time="0.153" /><testcase classname="tests.test_iteration4.TestRegression" name="test_list_sales" time="0.146" /><testcase classname="tests.test_iteration4.TestAdminPatchUser" name="test_empty_display_name_400" time="0.150" /><testcase classname="tests.test_iteration4.TestEmployeeCreateCustomer" name="test_employee_creates_customer_assigned_to_self" time="0.320" /><testcase classname="tests.test_iteration4.TestAdminPatchUser" name="test_display_name_persists" time="0.529" /><testcase classname="tests.test_iteration4.TestEmployeeCreateCustomer" name="test_duplicate_phone_returns_409" time="0.207" /><testcase classname="tests.test_iteration4.TestEmployeeCreateCustomer" name="test_employee_cannot_override_assignee" time="0.161" /><testcase classname="tests.test_iteration4.TestAdminPatchUser" name="test_password_update_changes_login" time="1.116" /><testcase classname="tests.test_iteration4.TestEmployeeCreateCustomer" name="test_create_and_then_sale" time="1.088" /></testsuite></testsuites>