<?xml version="1.0" encoding="utf-8"?><testsuites name="pytest tests"><testsuite name="pytest" errors="0" failures="0" skipped="0" tests="7" time="3.906" timestamp="2026-09-02T16:16:40.417570+00:00" hostname="agent-env-dcecce25-e5ad-493a-bace-23dd7cdd61a0"><testcase classname="tests.test_iteration22_daybook_online_and_admin_edit.TestDaybookOnlineVisibility" name="test_online_reflected_across_sections" time="2.009" /><testcase classname="tests.test_iteration22_daybook_online_and_admin_edit.TestDailySalesAdminEditRights" name="test_admin_can_edit_emp1_entry" time="1.084" /><testcase classname="tests.test_iteration22_daybook_online_and_admin_edit.TestDailySalesAdminEditRights" name="test_emp2_cannot_edit_emp1_entry" time="0.600" /><testcase classname="tests.test_iteration22_daybook_online_and_admin_edit.TestDailySalesAdminEditRights" name="test_emp1_can_edit_own" time="0.348" /><testcase classname="tests.test_iteration22_daybook_online_and_admin_edit.TestDaybookOnlineVisibility" name="test_legacy_online_receipt_via_fallback" time="0.304" /><testcase classname="tests.test_iteration22_daybook_online_and_admin_edit.TestDailySalesAdminEditRights" name="test_admin_can_delete_emp1_entry" time="1.471" /><testcase classname="tests.test_iteration22_daybook_online_and_admin_edit.TestDaybookShapeAllSectionsExposeOnline" name="test_response_shape_has_cash_online_total" time="1.072" /></testsuite></testsuites>