<?xml version="1.0" encoding="utf-8"?><testsuites name="pytest tests"><testsuite name="pytest" errors="0" failures="0" skipped="0" tests="13" time="6.727" timestamp="2026-09-02T11:38:24.777598+00:00" hostname="agent-env-dcecce25-e5ad-493a-bace-23dd7cdd61a0"><testcase classname="tests.test_iteration17_autolink_mixed.TestMixedPaymentMode" name="test_mixed_happy_path" time="0.841" /><testcase classname="tests.test_iteration17_autolink_mixed.TestReceiptCustomerAutolink" name="test_receipt_reuses_existing_customer_by_phone" time="1.204" /><testcase classname="tests.test_iteration17_autolink_mixed.TestMixedPaymentMode" name="test_mixed_mismatch_400" time="0.190" /><testcase classname="tests.test_iteration17_autolink_mixed.TestMixedPaymentMode" name="test_mixed_both_zero_400" time="0.238" /><testcase classname="tests.test_iteration17_autolink_mixed.TestReceiptCustomerAutolink" name="test_receipt_creates_new_customer_when_phone_fresh" time="0.380" /><testcase classname="tests.test_iteration17_autolink_mixed.TestMixedPaymentMode" name="test_cash_mode_autofills_split" time="0.317" /><testcase classname="tests.test_iteration17_autolink_mixed.TestInvoiceCustomerAutolink" name="test_invoice_reuses_existing_customer_by_phone" time="0.784" /><testcase classname="tests.test_iteration17_autolink_mixed.TestMixedPaymentMode" name="test_online_mode_autofills_split" time="0.267" /><testcase classname="tests.test_iteration17_autolink_mixed.TestReceiptModelFields" name="test_receipt_response_includes_customer_and_split_fields" time="0.394" /><testcase classname="tests.test_iteration17_autolink_mixed.TestDaybookMixedSplit" name="test_daybook_receipts_totals_use_explicit_split" time="0.666" /><testcase classname="tests.test_iteration17_autolink_mixed.TestInvoiceCustomerAutolink" name="test_invoice_creates_new_customer_when_phone_fresh" time="0.465" /><testcase classname="tests.test_iteration17_autolink_mixed.TestUniquenessByMobile" name="test_two_receipts_same_mobile_yield_one_customer" time="3.523" /><testcase classname="tests.test_iteration17_autolink_mixed.TestLegacyReceiptsCompat" name="test_daybook_handles_legacy_records_without_split_fields" time="2.647" /></testsuite></testsuites>