<?xml version="1.0" encoding="utf-8"?><testsuites name="pytest tests"><testsuite name="pytest" errors="0" failures="0" skipped="0" tests="31" time="5.921" timestamp="2026-09-02T06:18:20.592746+00:00" hostname="agent-env-dcecce25-e5ad-493a-bace-23dd7cdd61a0"><testcase classname="tests.test_invoices_receipts.TestInvoices" name="test_create_invoice_employee" time="0.715" /><testcase classname="tests.test_invoices_receipts.TestInvoices" name="test_invoice_creates_linked_sale" time="0.114" /><testcase classname="tests.test_invoices_receipts.TestInvoices" name="test_list_invoices_workspace" time="0.295" /><testcase classname="tests.test_invoices_receipts.TestInvoices" name="test_get_invoice_by_id" time="0.111" /><testcase classname="tests.test_invoices_receipts.TestInvoices" name="test_invoice_validation_empty_name" time="0.112" /><testcase classname="tests.test_invoices_receipts.TestInvoices" name="test_invoice_validation_no_items" time="0.116" /><testcase classname="tests.test_invoices_receipts.TestInvoices" name="test_invoice_validation_zero_qty" time="0.115" /><testcase classname="tests.test_invoices_receipts.TestInvoices" name="test_pdf_download_with_token" time="0.239" /><testcase classname="tests.test_invoices_receipts.TestInvoices" name="test_pdf_403_wrong_token" time="0.259" /><testcase classname="tests.test_invoices_receipts.TestInvoices" name="test_pdf_401_no_auth" time="0.115" /><testcase classname="tests.test_invoices_receipts.TestInvoices" name="test_stats_sales_today_by_source" time="0.095" /><testcase classname="tests.test_invoices_receipts.TestInvoices" name="test_invoice_delete_employee_forbidden" time="0.128" /><testcase classname="tests.test_invoices_receipts.TestReceipts" name="test_create_receipt_with_invoice_source" time="0.579" /><testcase classname="tests.test_invoices_receipts.TestReceipts" name="test_receipt_pdf_downloads" time="0.270" /><testcase classname="tests.test_invoices_receipts.TestReceipts" name="test_receipt_validation_bad_mode" time="0.112" /><testcase classname="tests.test_invoices_receipts.TestReceipts" name="test_receipt_validation_bad_source_type" time="0.112" /><testcase classname="tests.test_invoices_receipts.TestReceipts" name="test_receipt_validation_negative_amount" time="0.129" /><testcase classname="tests.test_invoices_receipts.TestReceipts" name="test_list_receipts" time="0.115" /><testcase classname="tests.test_invoices_receipts.TestReceipts" name="test_get_receipt_by_id" time="0.116" /><testcase classname="tests.test_invoices_receipts.TestReceipts" name="test_receipt_delete_employee_forbidden" time="0.103" /><testcase classname="tests.test_invoices_receipts.TestCleanup" name="test_admin_delete_invoice_cascades_sale" time="0.386" /><testcase classname="tests.test_invoices_receipts.TestCleanup" name="test_admin_delete_receipt" time="0.303" /><testcase classname="tests.test_invoices_receipts.TestCleanup" name="test_cleanup_source_invoice" time="0.149" /><testcase classname="tests.test_invoices_receipts.TestRegression" name="test_endpoint_ok[/auth/me]" time="0.146" /><testcase classname="tests.test_invoices_receipts.TestRegression" name="test_endpoint_ok[/customers?scope=mine]" time="0.114" /><testcase classname="tests.test_invoices_receipts.TestRegression" name="test_endpoint_ok[/sales]" time="0.127" /><testcase classname="tests.test_invoices_receipts.TestRegression" name="test_endpoint_ok[/stats/today]" time="0.133" /><testcase classname="tests.test_invoices_receipts.TestRegression" name="test_endpoint_ok[/stats/leaderboard]" time="0.112" /><testcase classname="tests.test_invoices_receipts.TestRegression" name="test_endpoint_ok[/daybook]" time="0.144" /><testcase classname="tests.test_invoices_receipts.TestRegression" name="test_endpoint_ok[/settings]" time="0.175" /><testcase classname="tests.test_invoices_receipts.TestRegression" name="test_endpoint_ok[/followups]" time="0.119" /></testsuite></testsuites>