<?xml version="1.0" encoding="utf-8"?><testsuites name="pytest tests"><testsuite name="pytest" errors="0" failures="2" skipped="0" tests="21" time="4.272" timestamp="2026-09-02T04:38:06.285949+00:00" hostname="agent-env-dcecce25-e5ad-493a-bace-23dd7cdd61a0"><testcase classname="tests.test_iteration10_collections.TestCollectorAssignment" name="test_get_collector_initially_none" time="0.449" /><testcase classname="tests.test_iteration10_collections.TestCollectorAssignment" name="test_admin_assign_collector" time="0.157" /><testcase classname="tests.test_iteration10_collections.TestCollectorAssignment" name="test_get_collector_after_assign" time="0.212" /><testcase classname="tests.test_iteration10_collections.TestCollectionsCRUD" name="test_collector_can_create_and_compute_totals" time="1.480" /><testcase classname="tests.test_iteration10_collections.TestCollectionsCRUD" name="test_non_collector_cannot_create" time="0.218" /><testcase classname="tests.test_iteration10_collections.TestCollectorAssignment" name="test_non_admin_cannot_assign" time="0.933" /><testcase classname="tests.test_iteration10_collections.TestCollectionsCRUD" name="test_admin_can_create" time="0.111" /><testcase classname="tests.test_iteration10_collections.TestCollectorAssignment" name="test_assign_non_employee_fails" time="0.113" /><testcase classname="tests.test_iteration10_collections.TestCollectionsCRUD" name="test_admin_sees_all" time="0.101" /><testcase classname="tests.test_iteration10_collections.TestCollectorAssignment" name="test_clear_collector" time="0.262" /><testcase classname="tests.test_iteration10_collections.TestCollectionsCRUD" name="test_non_admin_sees_only_own" time="0.126" /><testcase classname="tests.test_iteration10_collections.TestCollectionsCRUD" name="test_sorted_newest_first" time="0.127" /><testcase classname="tests.test_iteration10_collections.TestCollectionsCRUD" name="test_date_filter" time="0.171" /><testcase classname="tests.test_iteration10_collections.TestSummary" name="test_summary_shape" time="0.120" /><testcase classname="tests.test_iteration10_collections.TestUpdate" name="test_owner_can_update" time="0.405" /><testcase classname="tests.test_iteration10_collections.TestSummary" name="test_summary_days_bounds" time="0.190" /><testcase classname="tests.test_iteration10_collections.TestUpdate" name="test_non_owner_non_admin_cannot_update" time="0.136" /><testcase classname="tests.test_iteration10_collections.TestCascadeAndDelete" name="test_rename_collector_cascades" time="0.452"><failure message="AssertionError: {&quot;detail&quot;:&quot;Only the designated collector can add entries&quot;}&#10;assert 403 == 200&#10; +  where 403 = &lt;Response [403]&gt;.status_code">backend/tests/test_iteration10_collections.py:245: in test_rename_collector_cascades
    assert r.status_code == 200, r.text
E   AssertionError: {"detail":"Only the designated collector can add entries"}
E   assert 403 == 200
E    +  where 403 = &lt;Response [403]&gt;.status_code</failure></testcase><testcase classname="tests.test_iteration10_collections.TestUpdate" name="test_admin_can_update" time="0.147" /><testcase classname="tests.test_iteration10_collections.TestDelete" name="test_admin_delete_only" time="1.090" /><testcase classname="tests.test_iteration10_collections.TestCascadeAndDelete" name="test_summary_scope_non_admin" time="0.731"><failure message="AssertionError: Expected 0 for non-collector emp3, got {'cash': 50.0, 'online': 500.0, 'total': 550.0}&#10;assert 550.0 == 0">backend/tests/test_iteration10_collections.py:304: in test_summary_scope_non_admin
    assert data["totals"]["total"] == 0, f"Expected 0 for non-collector emp3, got {data['totals']}"
E   AssertionError: Expected 0 for non-collector emp3, got {'cash': 50.0, 'online': 500.0, 'total': 550.0}
E   assert 550.0 == 0</failure></testcase></testsuite></testsuites>