<?xml version="1.0" encoding="utf-8"?><testsuites name="pytest tests"><testsuite name="pytest" errors="0" failures="0" skipped="0" tests="19" time="6.054" timestamp="2026-09-02T19:01:43.436023+00:00" hostname="agent-env-dcecce25-e5ad-493a-bace-23dd7cdd61a0"><testcase classname="tests.test_iteration23_search_health_refs.TestCustomerSearch" name="test_search_requires_auth" time="0.263" /><testcase classname="tests.test_iteration23_search_health_refs.TestCustomerSearch" name="test_search_empty_q_returns_empty" time="0.356" /><testcase classname="tests.test_iteration23_search_health_refs.TestCustomerSearch" name="test_search_missing_q_returns_empty" time="0.139" /><testcase classname="tests.test_iteration23_search_health_refs.TestLinkedReceiptsRefNo" name="test_sales_linked_receipts_include_reference_no" time="1.105" /><testcase classname="tests.test_iteration23_search_health_refs.TestLinkedReceiptsRefNo" name="test_collections_linked_receipts_include_reference_no" time="0.696" /><testcase classname="tests.test_iteration23_search_health_refs.TestCustomerSearch" name="test_search_by_name_partial_case_insensitive" time="0.560" /><testcase classname="tests.test_iteration23_search_health_refs.TestCustomerSearch" name="test_search_returns_is_mine_flag_correctly" time="0.331" /><testcase classname="tests.test_iteration23_search_health_refs.TestCustomerSearch" name="test_search_by_phone_partial_digits" time="0.220" /><testcase classname="tests.test_iteration23_search_health_refs.TestLinkedReceiptsRefNo" name="test_invoices_linked_receipts_include_reference_no" time="0.761" /><testcase classname="tests.test_iteration23_search_health_refs.TestCustomerSearch" name="test_search_visible_to_all_employees_regardless_of_assignee" time="2.952" /><testcase classname="tests.test_iteration23_search_health_refs.TestLinkedReceiptsRefNo" name="test_daybook_linked_receipts_reference_no" time="0.380" /><testcase classname="tests.test_iteration23_search_health_refs.TestHealthProbe" name="test_health_root_no_api_prefix" time="0.002" /><testcase classname="tests.test_iteration23_search_health_refs.TestHealthProbe" name="test_root_ok" time="0.001" /><testcase classname="tests.test_iteration23_search_health_refs.TestCustomerLookupRegression" name="test_lookup_by_phone" time="0.581" /><testcase classname="tests.test_iteration23_search_health_refs.TestCustomerLookupRegression" name="test_lookup_missing_phone" time="0.165" /><testcase classname="tests.test_iteration23_search_health_refs.TestCustomerLedgerRegression" name="test_ledger_ok" time="0.523" /><testcase classname="tests.test_iteration23_search_health_refs.TestCustomerSearch" name="test_search_limit_clamped_min" time="0.179" /><testcase classname="tests.test_iteration23_search_health_refs.TestCustomerSearch" name="test_search_limit_clamped_negative" time="0.176" /><testcase classname="tests.test_iteration23_search_health_refs.TestCustomerSearch" name="test_search_limit_clamped_max" time="0.551" /></testsuite></testsuites>