<?xml version="1.0" encoding="utf-8"?><testsuites name="pytest tests"><testsuite name="pytest" errors="0" failures="0" skipped="0" tests="26" time="6.762" timestamp="2026-09-02T21:01:31.245272+00:00" hostname="agent-env-dcecce25-e5ad-493a-bace-23dd7cdd61a0"><testcase classname="tests.test_iteration24_daybook_rework_backup.TestCashVerification" name="test_admin_saves_verification" time="0.833" /><testcase classname="tests.test_iteration24_daybook_rework_backup.TestPhotos" name="test_upload_and_add_photo" time="1.058" /><testcase classname="tests.test_iteration24_daybook_rework_backup.TestCashVerification" name="test_collector_can_save" time="0.334" /><testcase classname="tests.test_iteration24_daybook_rework_backup.TestPhotos" name="test_invalid_path_400" time="0.129" /><testcase classname="tests.test_iteration24_daybook_rework_backup.TestPhotos" name="test_media_token_serves_pdf" time="0.974" /><testcase classname="tests.test_iteration24_daybook_rework_backup.TestCashVerification" name="test_plain_employee_forbidden_save" time="0.350" /><testcase classname="tests.test_iteration24_daybook_rework_backup.TestCashVerification" name="test_delete_collector_forbidden" time="0.154" /><testcase classname="tests.test_iteration24_daybook_rework_backup.TestCashVerification" name="test_delete_admin_ok" time="0.285" /><testcase classname="tests.test_iteration24_daybook_rework_backup.TestAuth" name="test_admin_login" time="0.000" /><testcase classname="tests.test_iteration24_daybook_rework_backup.TestAuth" name="test_emp1_login" time="0.000" /><testcase classname="tests.test_iteration24_daybook_rework_backup.TestAuth" name="test_emp2_login" time="0.000" /><testcase classname="tests.test_iteration24_daybook_rework_backup.TestAuth" name="test_collector_is_emp1" time="0.146" /><testcase classname="tests.test_iteration24_daybook_rework_backup.TestDaybookRead" name="test_admin_can_read" time="0.241" /><testcase classname="tests.test_iteration24_daybook_rework_backup.TestDaybookRead" name="test_collector_can_read" time="0.170" /><testcase classname="tests.test_iteration24_daybook_rework_backup.TestPhotos" name="test_emp2_cannot_delete_photo" time="0.449" /><testcase classname="tests.test_iteration24_daybook_rework_backup.TestDaybookRead" name="test_plain_employee_forbidden" time="0.175" /><testcase classname="tests.test_iteration24_daybook_rework_backup.TestPhotos" name="test_admin_delete_photo" time="0.125" /><testcase classname="tests.test_iteration24_daybook_rework_backup.TestBackup" name="test_emp_no_token" time="0.156" /><testcase classname="tests.test_iteration24_daybook_rework_backup.TestDaybookExport" name="test_emp2_no_token" time="0.149" /><testcase classname="tests.test_iteration24_daybook_rework_backup.TestBackup" name="test_admin_token_and_json" time="0.679" /><testcase classname="tests.test_iteration24_daybook_rework_backup.TestDaybookExport" name="test_admin_export" time="0.322" /><testcase classname="tests.test_iteration24_daybook_rework_backup.TestDaybookExport" name="test_collector_export" time="0.428" /><testcase classname="tests.test_iteration24_daybook_rework_backup.TestInvoiceEdit" name="test_full_edit_and_regen" time="1.010" /><testcase classname="tests.test_iteration24_daybook_rework_backup.TestSalesScope" name="test_default_all" time="1.135" /><testcase classname="tests.test_iteration24_daybook_rework_backup.TestReceiptEdit" name="test_source_lookup_and_edit" time="1.850" /><testcase classname="tests.test_iteration24_daybook_rework_backup.TestLedger" name="test_ledger_totals_and_receipts" time="1.378" /></testsuite></testsuites>