<?xml version="1.0" encoding="utf-8"?><testsuites name="pytest tests"><testsuite name="pytest" errors="0" failures="0" skipped="0" tests="5" time="4.848" timestamp="2026-09-02T14:46:48.988153+00:00" hostname="agent-env-dcecce25-e5ad-493a-bace-23dd7cdd61a0"><testcase classname="tests.test_iteration21_daybook_invoice_split.TestDaybookInvoiceSplit" name="test_invoice_split_reflected_in_daybook" time="1.202" /><testcase classname="tests.test_iteration21_daybook_invoice_split.TestDaybookLegacyInvoice" name="test_legacy_invoice_treated_as_all_cash" time="0.413" /><testcase classname="tests.test_iteration21_daybook_invoice_split.TestDaybookGrandTotalMath" name="test_grand_total_sums_correctly" time="1.310" /><testcase classname="tests.test_iteration21_daybook_invoice_split.TestDaybookSectionsShape" name="test_response_has_required_sections" time="0.155" /><testcase classname="tests.test_iteration21_daybook_invoice_split.TestDaybookSectionsShape" name="test_total_collection_breakdown_populated" time="1.648" /></testsuite></testsuites>