<?xml version="1.0" encoding="utf-8"?><testsuites name="pytest tests"><testsuite name="pytest" errors="0" failures="0" skipped="0" tests="19" time="6.584" timestamp="2026-08-29T13:18:51.891384+00:00" hostname="agent-env-dcecce25-e5ad-493a-bace-23dd7cdd61a0"><testcase classname="tests.test_new_features.TestLeaderboard" name="test_leaderboard_structure" time="0.644" /><testcase classname="tests.test_new_features.TestFiles" name="test_upload_returns_path_url_token" time="0.971" /><testcase classname="tests.test_new_features.TestLeaderboard" name="test_leaderboard_ordering_and_ranks" time="0.232" /><testcase classname="tests.test_new_features.TestFiles" name="test_non_image_extension_defaults_to_jpg" time="0.359" /><testcase classname="tests.test_new_features.TestLeaderboard" name="test_leaderboard_is_me" time="0.727" /><testcase classname="tests.test_new_features.TestFiles" name="test_upload_too_large" time="0.723" /><testcase classname="tests.test_new_features.TestLeaderboard" name="test_leaderboard_requires_auth" time="0.148" /><testcase classname="tests.test_new_features.TestBulkPreview" name="test_preview_mixed" time="1.121" /><testcase classname="tests.test_new_features.TestFiles" name="test_download_with_token_ok" time="0.316" /><testcase classname="tests.test_new_features.TestFiles" name="test_download_wrong_token" time="0.546" /><testcase classname="tests.test_new_features.TestBulkPreview" name="test_preview_requires_auth" time="0.154" /><testcase classname="tests.test_new_features.TestFiles" name="test_download_no_auth_at_all" time="0.160" /><testcase classname="tests.test_new_features.TestBreaks" name="test_break_requires_checkin" time="0.404" /><testcase classname="tests.test_new_features.TestFiles" name="test_download_with_bearer" time="0.445" /><testcase classname="tests.test_new_features.TestBreaks" name="test_break_flow_idempotent" time="0.991" /><testcase classname="tests.test_new_features.TestFiles" name="test_files_token_endpoint_needs_bearer" time="0.154" /><testcase classname="tests.test_new_features.TestFiles" name="test_files_token_endpoint_ok_and_download" time="0.501" /><testcase classname="tests.test_new_features.TestAttendanceSelfie" name="test_checkin_stores_selfie_path" time="1.045" /><testcase classname="tests.test_new_features.TestAttendanceSelfie" name="test_checkout_stores_selfie_path" time="0.779" /></testsuite></testsuites>