<?xml version="1.0" encoding="utf-8"?><testsuites name="pytest tests"><testsuite name="pytest" errors="0" failures="1" skipped="0" tests="47" time="78.778" timestamp="2026-08-29T13:19:03.135926+00:00" hostname="agent-env-dcecce25-e5ad-493a-bace-23dd7cdd61a0"><testcase classname="tests.test_callflow_api.TestAuth" name="test_login_admin_ok" time="0.221" /><testcase classname="tests.test_callflow_api.TestAuth" name="test_login_wrong_password" time="0.208" /><testcase classname="tests.test_new_features.TestFiles" name="test_upload_returns_path_url_token" time="0.653" /><testcase classname="tests.test_callflow_api.TestAuth" name="test_me_ok" time="0.384" /><testcase classname="tests.test_new_features.TestFiles" name="test_non_image_extension_defaults_to_jpg" time="0.280" /><testcase classname="tests.test_callflow_api.TestAuth" name="test_me_no_token" time="0.205" /><testcase classname="tests.test_new_features.TestFiles" name="test_upload_too_large" time="0.732" /><testcase classname="tests.test_callflow_api.TestAuth" name="test_login_all_employees" time="1.573" /><testcase classname="tests.test_new_features.TestFiles" name="test_download_with_token_ok" time="0.267" /><testcase classname="tests.test_new_features.TestFiles" name="test_download_wrong_token" time="0.517" /><testcase classname="tests.test_new_features.TestFiles" name="test_download_no_auth_at_all" time="0.189" /><testcase classname="tests.test_new_features.TestFiles" name="test_download_with_bearer" time="0.306" /><testcase classname="tests.test_callflow_api.TestCustomers" name="test_employee_create_auto_assigns_self" time="0.414" /><testcase classname="tests.test_new_features.TestFiles" name="test_files_token_endpoint_needs_bearer" time="0.148" /><testcase classname="tests.test_callflow_api.TestCustomers" name="test_duplicate_phone_conflict" time="0.151" /><testcase classname="tests.test_new_features.TestFiles" name="test_files_token_endpoint_ok_and_download" time="0.462" /><testcase classname="tests.test_callflow_api.TestCustomers" name="test_scope_mine_only" time="0.151" /><testcase classname="tests.test_callflow_api.TestCustomers" name="test_admin_scope_all" time="0.149" /><testcase classname="tests.test_callflow_api.TestCustomers" name="test_bulk_round_robin_and_dedupe" time="0.338" /><testcase classname="tests.test_callflow_api.TestStatusFeedback" name="test_interested_sets_followup_and_logs" time="0.575" /><testcase classname="tests.test_callflow_api.TestAttendance" name="test_checkin_and_idempotent" time="0.145"><failure message="assert 19.076 == 12.9">backend/tests/test_callflow_api.py:258: in test_checkin_and_idempotent
    assert d["check_in_location"]["latitude"] == 12.9
E   assert 19.076 == 12.9</failure></testcase><testcase classname="tests.test_callflow_api.TestAttendance" name="test_checkout_sets_location" time="0.145" /><testcase classname="tests.test_callflow_api.TestAttendance" name="test_attendance_today" time="0.149" /><testcase classname="tests.test_callflow_api.TestStatusFeedback" name="test_callback_sets_tomorrow" time="0.383" /><testcase classname="tests.test_callflow_api.TestAttendance" name="test_attendance_history" time="0.174" /><testcase classname="tests.test_callflow_api.TestStatusFeedback" name="test_feedback_persists" time="0.383" /><testcase classname="tests.test_new_features.TestLeaderboard" name="test_leaderboard_structure" time="0.393" /><testcase classname="tests.test_new_features.TestLeaderboard" name="test_leaderboard_ordering_and_ranks" time="0.156" /><testcase classname="tests.test_callflow_api.TestStatusFeedback" name="test_employee_cannot_update_other_employee_customer" time="0.563" /><testcase classname="tests.test_new_features.TestLeaderboard" name="test_leaderboard_is_me" time="0.552" /><testcase classname="tests.test_callflow_api.TestSettings" name="test_get_settings_any" time="0.182" /><testcase classname="tests.test_new_features.TestLeaderboard" name="test_leaderboard_requires_auth" time="0.151" /><testcase classname="tests.test_callflow_api.TestSettings" name="test_patch_settings_admin_only" time="0.154" /><testcase classname="tests.test_callflow_api.TestUsers" name="test_admin_lists_users" time="0.154" /><testcase classname="tests.test_callflow_api.TestUsers" name="test_employee_forbidden_admin_users" time="0.154" /><testcase classname="tests.test_callflow_api.TestSettings" name="test_patch_settings_admin_ok" time="0.351" /><testcase classname="tests.test_callflow_api.TestReassign" name="test_reassign_ok" time="0.540" /><testcase classname="tests.test_callflow_api.TestFollowupsAndStats" name="test_followups_scoped" time="0.162" /><testcase classname="tests.test_callflow_api.TestFollowupsAndStats" name="test_stats_today" time="0.148" /><testcase classname="tests.test_callflow_api.TestReassign" name="test_reassign_unknown_owner" time="0.152" /><testcase classname="tests.test_new_features.TestBreaks" name="test_break_requires_checkin" time="0.724" /><testcase classname="tests.test_new_features.TestBulkPreview" name="test_preview_mixed" time="1.053" /><testcase classname="tests.test_new_features.TestBreaks" name="test_break_flow_idempotent" time="0.507" /><testcase classname="tests.test_new_features.TestAttendanceSelfie" name="test_checkin_stores_selfie_path" time="69.193" /><testcase classname="tests.test_new_features.TestBulkPreview" name="test_preview_requires_auth" time="0.167" /><testcase classname="tests.test_callflow_api.TestZCleanup" name="test_cleanup_test_customers" time="70.542" /><testcase classname="tests.test_new_features.TestAttendanceSelfie" name="test_checkout_stores_selfie_path" time="0.974" /></testsuite></testsuites>