<?xml version="1.0" encoding="utf-8"?><testsuites name="pytest tests"><testsuite name="pytest" errors="0" failures="0" skipped="0" tests="23" time="5.877" timestamp="2026-09-01T13:57:43.727023+00:00" hostname="agent-env-dcecce25-e5ad-493a-bace-23dd7cdd61a0"><testcase classname="tests.test_iteration8_perms_drilldown.TestSalesPatch" name="test_owner_updates_amount_product_notes" time="1.376" /><testcase classname="tests.test_iteration8_perms_drilldown.TestCallsReassign" name="test_admin_only" time="1.092" /><testcase classname="tests.test_iteration8_perms_drilldown.TestCallsReassign" name="test_empty_ids_400" time="0.125" /><testcase classname="tests.test_iteration8_perms_drilldown.TestCallsReassign" name="test_target_must_be_employee" time="0.139" /><testcase classname="tests.test_iteration8_perms_drilldown.TestCallsReassign" name="test_moves_call_across_users" time="1.038" /><testcase classname="tests.test_iteration8_perms_drilldown.TestSalesPatch" name="test_owner_cannot_set_purchase_amount" time="0.600" /><testcase classname="tests.test_iteration8_perms_drilldown.TestSalesPatch" name="test_non_owner_non_admin_forbidden" time="0.508" /><testcase classname="tests.test_iteration8_perms_drilldown.TestAdminUserCalls" name="test_admin_only" time="0.141" /><testcase classname="tests.test_iteration8_perms_drilldown.TestSalesPatch" name="test_admin_updates_everything_and_profit_recalcs" time="0.660" /><testcase classname="tests.test_iteration8_perms_drilldown.TestAdminUserCalls" name="test_returns_sorted_newest_first_and_limit" time="0.843" /><testcase classname="tests.test_iteration8_perms_drilldown.TestSalesPatch" name="test_unknown_sid_returns_404" time="0.152" /><testcase classname="tests.test_iteration8_perms_drilldown.TestAdminUserSales" name="test_admin_only" time="0.157" /><testcase classname="tests.test_iteration8_perms_drilldown.TestAdminUserCalls" name="test_unknown_username_404" time="0.144" /><testcase classname="tests.test_iteration8_perms_drilldown.TestAdminUserSales" name="test_returns_sale_shape" time="0.500" /><testcase classname="tests.test_iteration8_perms_drilldown.TestSalesReassign" name="test_admin_only" time="0.172" /><testcase classname="tests.test_iteration8_perms_drilldown.TestSalesReassign" name="test_empty_ids_400" time="0.142" /><testcase classname="tests.test_iteration8_perms_drilldown.TestSalesReassign" name="test_moves_sale_and_updates_display_name" time="0.727" /><testcase classname="tests.test_iteration8_perms_drilldown.TestAdminUserSales" name="test_unknown_username_404" time="0.249" /><testcase classname="tests.test_iteration8_perms_drilldown.TestAdminDeleteCall" name="test_admin_only" time="0.142" /><testcase classname="tests.test_iteration8_perms_drilldown.TestAdminDeleteCall" name="test_unknown_id_404" time="0.163" /><testcase classname="tests.test_iteration8_perms_drilldown.TestAdminDeleteCall" name="test_delete_ok" time="0.789" /><testcase classname="tests.test_iteration8_perms_drilldown.TestSalesDelete" name="test_admin_can_delete_any" time="0.466" /><testcase classname="tests.test_iteration8_perms_drilldown.TestSalesDelete" name="test_employee_cannot_delete_own" time="0.501" /></testsuite></testsuites>